c:\users\魏恩军\desktop\p2pserverclient14\p2p_im - udp打洞\p2p_im\debug\p2p_im.pch
c:\users\魏恩军\desktop\p2pserverclient14\p2p_im - udp打洞\p2p_im\debug\vc140.pdb
c:\users\魏恩军\desktop\p2pserverclient14\p2p_im - udp打洞\p2p_im\debug\vc140.idb
c:\users\魏恩军\desktop\p2pserverclient14\p2p_im - udp打洞\p2p_im\debug\stdafx.obj
c:\users\魏恩军\desktop\p2pserverclient14\p2p_im - udp打洞\p2p_im\debug\p2p_im.obj
c:\users\魏恩军\desktop\p2pserverclient14\p2p_im - udp打洞\p2p_im\debug\p2p_imdlg.obj
c:\users\魏恩军\desktop\p2pserverclient14\p2p_im - udp打洞\p2p_im\debug\servsock.obj
c:\users\魏恩军\desktop\p2pserverclient14\p2p_im - udp打洞\p2p_im\debug\sql.obj
c:\users\魏恩军\desktop\p2pserverclient14\p2p_im - udp打洞\debug\p2p_im.ilk
c:\users\魏恩军\desktop\p2pserverclient14\p2p_im - udp打洞\debug\p2p_im.exe
c:\users\魏恩军\desktop\p2pserverclient14\p2p_im - udp打洞\debug\p2p_im.pdb
c:\users\魏恩军\desktop\p2pserverclient14\p2p_im - udp打洞\p2p_im\debug\p2p_im.res
c:\users\魏恩军\desktop\p2pserverclient14\p2p_im - udp打洞\p2p_im\debug\msado15.tli
c:\users\魏恩军\desktop\p2pserverclient14\p2p_im - udp打洞\p2p_im\debug\msado15.tlh
c:\users\魏恩军\desktop\p2pserverclient14\p2p_im - udp打洞\p2p_im\debug\p2p_im.tlog\cl.command.1.tlog
c:\users\魏恩军\desktop\p2pserverclient14\p2p_im - udp打洞\p2p_im\debug\p2p_im.tlog\cl.read.1.tlog
c:\users\魏恩军\desktop\p2pserverclient14\p2p_im - udp打洞\p2p_im\debug\p2p_im.tlog\cl.write.1.tlog
c:\users\魏恩军\desktop\p2pserverclient14\p2p_im - udp打洞\p2p_im\debug\p2p_im.tlog\link.command.1.tlog
c:\users\魏恩军\desktop\p2pserverclient14\p2p_im - udp打洞\p2p_im\debug\p2p_im.tlog\link.read.1.tlog
c:\users\魏恩军\desktop\p2pserverclient14\p2p_im - udp打洞\p2p_im\debug\p2p_im.tlog\link.write.1.tlog
c:\users\魏恩军\desktop\p2pserverclient14\p2p_im - udp打洞\p2p_im\debug\p2p_im.tlog\rc.command.1.tlog
c:\users\魏恩军\desktop\p2pserverclient14\p2p_im - udp打洞\p2p_im\debug\p2p_im.tlog\rc.read.1.tlog
c:\users\魏恩军\desktop\p2pserverclient14\p2p_im - udp打洞\p2p_im\debug\p2p_im.tlog\rc.write.1.tlog
