c:\users\魏恩军\desktop\p2pserverclient14\p2p_end - udp打洞\p2p_end\debug\p2p_end.pch
c:\users\魏恩军\desktop\p2pserverclient14\p2p_end - udp打洞\p2p_end\debug\vc140.pdb
c:\users\魏恩军\desktop\p2pserverclient14\p2p_end - udp打洞\p2p_end\debug\vc140.idb
c:\users\魏恩军\desktop\p2pserverclient14\p2p_end - udp打洞\p2p_end\debug\stdafx.obj
c:\users\魏恩军\desktop\p2pserverclient14\p2p_end - udp打洞\p2p_end\debug\clientsock.obj
c:\users\魏恩军\desktop\p2pserverclient14\p2p_end - udp打洞\p2p_end\debug\p2pchatdlg.obj
c:\users\魏恩军\desktop\p2pserverclient14\p2p_end - udp打洞\p2p_end\debug\p2pfilemsgdlg.obj
c:\users\魏恩军\desktop\p2pserverclient14\p2p_end - udp打洞\p2p_end\debug\p2p_end.obj
c:\users\魏恩军\desktop\p2pserverclient14\p2p_end - udp打洞\p2p_end\debug\p2p_enddlg.obj
c:\users\魏恩军\desktop\p2pserverclient14\p2p_end - udp打洞\p2p_end\debug\p2p_filedlg.obj
c:\users\魏恩军\desktop\p2pserverclient14\p2p_end - udp打洞\debug\p2p_end.ilk
c:\users\魏恩军\desktop\p2pserverclient14\p2p_end - udp打洞\debug\p2p_end.exe
c:\users\魏恩军\desktop\p2pserverclient14\p2p_end - udp打洞\debug\p2p_end.pdb
c:\users\魏恩军\desktop\p2pserverclient14\p2p_end - udp打洞\p2p_end\debug\p2p_end.res
c:\users\魏恩军\desktop\p2pserverclient14\p2p_end - udp打洞\p2p_end\debug\p2p_end.tlog\cl.command.1.tlog
c:\users\魏恩军\desktop\p2pserverclient14\p2p_end - udp打洞\p2p_end\debug\p2p_end.tlog\cl.read.1.tlog
c:\users\魏恩军\desktop\p2pserverclient14\p2p_end - udp打洞\p2p_end\debug\p2p_end.tlog\cl.write.1.tlog
c:\users\魏恩军\desktop\p2pserverclient14\p2p_end - udp打洞\p2p_end\debug\p2p_end.tlog\link.command.1.tlog
c:\users\魏恩军\desktop\p2pserverclient14\p2p_end - udp打洞\p2p_end\debug\p2p_end.tlog\link.read.1.tlog
c:\users\魏恩军\desktop\p2pserverclient14\p2p_end - udp打洞\p2p_end\debug\p2p_end.tlog\link.write.1.tlog
c:\users\魏恩军\desktop\p2pserverclient14\p2p_end - udp打洞\p2p_end\debug\p2p_end.tlog\rc.command.1.tlog
c:\users\魏恩军\desktop\p2pserverclient14\p2p_end - udp打洞\p2p_end\debug\p2p_end.tlog\rc.read.1.tlog
c:\users\魏恩军\desktop\p2pserverclient14\p2p_end - udp打洞\p2p_end\debug\p2p_end.tlog\rc.write.1.tlog
